[    0.000000] Initializing cgroup subsys cpuset
[    0.000000] Initializing cgroup subsys cpu
[    0.000000] Initializing cgroup subsys cpuacct
[    0.000000] Linux version 4.4.0-22-generic (buildd@lgw01-41) (gcc version 5.3.1 20160413 (Ubuntu 5.3.1-14ubuntu2) ) #40-Ubuntu SMP Thu May 12 22:03:46 UTC 2016 (Ubuntu 4.4.0-22.40-generic 4.4.8)
[    0.000000] Command line: BOOT_IMAGE=/boot/vmlinuz-4.4.0-22-generic root=LABEL=cloudimg-rootfs ro console=tty1 console=ttyS0
[    0.000000] KERNEL supported cpus:
[    0.000000]   Intel GenuineIntel
[    0.000000]   AMD AuthenticAMD
[    0.000000]   Centaur CentaurHauls
[    0.000000] ------------[ cut here ]------------
[    0.000000] WARNING: CPU: 0 PID: 0 at /build/linux-FvcHlK/linux-4.4.0/arch/x86/kernel/fpu/xstate.c:517 fpu__init_system_xstate+0x38b/0x75a()
[    0.000000] XSAVE consistency problem, dumping leaves
[    0.000000] Modules linked in:
[    0.000000] CPU: 0 PID: 0 Comm: swapper Not tainted 4.4.0-22-generic #40-Ubuntu
[    0.000000]  0000000000000086 09aae0611ab22ee0 ffffffff81e03d80 ffffffff813e9c53
[    0.000000]  ffffffff81e03dc8 ffffffff81c9fe78 ffffffff81e03db8 ffffffff81080fb2
[    0.000000]  ffffffff81e03e48 ffffffff81e03e4c 0000000000000008 0000000000000100
[    0.000000] Call Trace:
[    0.000000]  [<ffffffff813e9c53>] dump_stack+0x63/0x90
[    0.000000]  [<ffffffff81080fb2>] warn_slowpath_common+0x82/0xc0
[    0.000000]  [<ffffffff8108104c>] warn_slowpath_fmt+0x5c/0x80
[    0.000000]  [<ffffffff8107cdb0>] ? xfeature_size+0x59/0x77
[    0.000000]  [<ffffffff81f69f24>] fpu__init_system_xstate+0x38b/0x75a
[    0.000000]  [<ffffffff81f59120>] ? early_idt_handler_array+0x120/0x120
[    0.000000]  [<ffffffff81f6988f>] fpu__init_system+0x10d/0x245
[    0.000000]  [<ffffffff81f6a998>] early_cpu_init+0x139/0x13e
[    0.000000]  [<ffffffff81f6a998>] ? early_cpu_init+0x139/0x13e
[    0.000000]  [<ffffffff81f65e73>] setup_arch+0xb4/0xd16
[    0.000000]  [<ffffffff81f59120>] ? early_idt_handler_array+0x120/0x120
[    0.000000]  [<ffffffff81f59c74>] start_kernel+0xe4/0x4a2
[    0.000000]  [<ffffffff81f59120>] ? early_idt_handler_array+0x120/0x120
[    0.000000]  [<ffffffff81f59339>] x86_64_start_reservations+0x2a/0x2c
[    0.000000]  [<ffffffff81f59485>] x86_64_start_kernel+0x14a/0x16d
[    0.000000] ---[ end trace 4d5ff9f2f68c4233 ]---
[    0.000000] CPUID[0d, 00]: eax=00000007 ebx=00000440 ecx=00000440 edx=00000000
[    0.000000] CPUID[0d, 01]: eax=00000000 ebx=000003c0 ecx=00000000 edx=00000000
[    0.000000] CPUID[0d, 02]: eax=00000100 ebx=00000240 ecx=00000000 edx=00000000
[    0.000000] CPUID[0d, 03]: eax=00000000 ebx=00000000 ecx=00000000 edx=00000000
[    0.000000] CPUID[0d, 04]: eax=00000000 ebx=00000000 ecx=00000000 edx=00000000
[    0.000000] CPUID[0d, 05]: eax=00000000 ebx=00000000 ecx=00000000 edx=00000000
[    0.000000] CPUID[0d, 06]: eax=00000000 ebx=00000000 ecx=00000000 edx=00000000
[    0.000000] CPUID[0d, 07]: eax=00000000 ebx=00000000 ecx=00000000 edx=00000000
[    0.000000] CPUID[0d, 08]: eax=00000000 ebx=00000000 ecx=00000000 edx=00000000
[    0.000000] CPUID[0d, 09]: eax=00000000 ebx=00000000 ecx=00000000 edx=00000000
[    0.000000] CPUID[0d, 0a]: eax=00000000 ebx=00000000 ecx=00000000 edx=00000000
[    0.000000] CPUID[0d, 0b]: eax=00000000 ebx=00000000 ecx=00000000 edx=00000000
[    0.000000] CPUID[0d, 0c]: eax=00000000 ebx=00000000 ecx=00000000 edx=00000000
[    0.000000] CPUID[0d, 0d]: eax=00000000 ebx=00000000 ecx=00000000 edx=00000000
[    0.000000] CPUID[0d, 0e]: eax=00000000 ebx=00000000 ecx=00000000 edx=00000000
[    0.000000] CPUID[0d, 0f]: eax=00000000 ebx=00000000 ecx=00000000 edx=00000000
[    0.000000] CPUID[0d, 10]: eax=00000000 ebx=00000000 ecx=00000000 edx=00000000
[    0.000000] CPUID[0d, 11]: eax=00000000 ebx=00000000 ecx=00000000 edx=00000000
[    0.000000] x86/fpu: xstate_offset[2]:  576, xstate_sizes[2]:  256
[    0.000000] x86/fpu: Supporting XSAVE feature 0x01: 'x87 floating point registers'
[    0.000000] x86/fpu: Supporting XSAVE feature 0x02: 'SSE registers'
[    0.000000] x86/fpu: Supporting XSAVE feature 0x04: 'AVX registers'
[    0.000000] x86/fpu: Enabled xstate features 0x7, context size is 1088 bytes, using 'standard' format.
[    0.000000] x86/fpu: Using 'lazy' FPU context switches.
[    0.000000] e820: BIOS-provided physical RAM map:
[    0.000000] BIOS-e820: [mem 0x0000000000000000-0x000000000009fbff] usable
[    0.000000] BIOS-e820: [mem 0x000000000009fc00-0x000000000009ffff] reserved
[    0.000000] BIOS-e820: [mem 0x00000000000f0000-0x00000000000fffff] reserved
[    0.000000] BIOS-e820: [mem 0x0000000000100000-0x000000003ffeffff] usable
[    0.000000] BIOS-e820: [mem 0x000000003fff0000-0x000000003fffffff] ACPI data
[    0.000000] BIOS-e820: [mem 0x00000000fffc0000-0x00000000ffffffff] reserved
[    0.000000] NX (Execute Disable) protection: active
[    0.000000] SMBIOS 2.5 present.
[    0.000000] Hypervisor detected: KVM
[    0.000000] e820: last_pfn = 0x3fff0 max_arch_pfn = 0x400000000
[    0.000000] x86/PAT: Configuration [0-7]: WB  WC  UC- UC  WB  WC  UC- WT  
[    0.000000] MTRR: Disabled
[    0.000000] CPU MTRRs all blank - virtualized system.
[    0.000000] found SMP MP-table at [mem 0x0009fff0-0x0009ffff] mapped at [ffff88000009fff0]
[    0.000000] Scanning 1 areas for low memory corruption
[    0.000000] RAMDISK: [mem 0x371b0000-0x378cffff]
[    0.000000] ACPI: Early table checksum verification disabled
[    0.000000] ACPI: RSDP 0x00000000000E0000 000024 (v02 VBOX  )
[    0.000000] ACPI: XSDT 0x000000003FFF0030 00003C (v01 VBOX   VBOXXSDT 00000001 ASL  00000061)
[    0.000000] ACPI: FACP 0x000000003FFF00F0 0000F4 (v04 VBOX   VBOXFACP 00000001 ASL  00000061)
[    0.000000] ACPI: DSDT 0x000000003FFF0470 002106 (v01 VBOX   VBOXBIOS 00000002 INTL 20160108)
[    0.000000] ACPI: FACS 0x000000003FFF0200 000040
[    0.000000] ACPI: FACS 0x000000003FFF0200 000040
[    0.000000] ACPI: APIC 0x000000003FFF0240 00005C (v02 VBOX   VBOXAPIC 00000001 ASL  00000061)
[    0.000000] ACPI: SSDT 0x000000003FFF02A0 0001CC (v01 VBOX   VBOXCPUT 00000002 INTL 20160108)
[    0.000000] No NUMA configuration found
[    0.000000] Faking a node at [mem 0x0000000000000000-0x000000003ffeffff]
[    0.000000] NODE_DATA(0) allocated [mem 0x3ffeb000-0x3ffeffff]
[    0.000000] kvm-clock: Using msrs 4b564d01 and 4b564d00
[    0.000000] kvm-clock: cpu 0, msr 0:3ffe7001, primary cpu clock
[    0.000000] kvm-clock: using sched offset of 2967252014 cycles
[    0.000000] clocksource: kvm-clock: mask: 0xffffffffffffffff max_cycles: 0x1cd42e4dffb, max_idle_ns: 881590591483 ns
[    0.000000] Zone ranges:
[    0.000000]   DMA      [mem 0x0000000000001000-0x0000000000ffffff]
[    0.000000]   DMA32    [mem 0x0000000001000000-0x000000003ffeffff]
[    0.000000]   Normal   empty
[    0.000000]   Device   empty
[    0.000000] Movable zone start for each node
[    0.000000] Early memory node ranges
[    0.000000]   node   0: [mem 0x0000000000001000-0x000000000009efff]
[    0.000000]   node   0: [mem 0x0000000000100000-0x000000003ffeffff]
[    0.000000] Initmem setup node 0 [mem 0x0000000000001000-0x000000003ffeffff]
[    0.000000] ACPI: PM-Timer IO Port: 0x4008
[    0.000000] IOAPIC[0]: apic_id 2, version 17, address 0xfec00000, GSI 0-23
[    0.000000] ACPI: INT_SRC_OVR (bus 0 bus_irq 0 global_irq 2 dfl dfl)
[    0.000000] ACPI: INT_SRC_OVR (bus 0 bus_irq 9 global_irq 9 high level)
[    0.000000] Using ACPI (MADT) for SMP configuration information
[    0.000000] smpboot: Allowing 2 CPUs, 0 hotplug CPUs
[    0.000000] PM: Registered nosave memory: [mem 0x00000000-0x00000fff]
[    0.000000] PM: Registered nosave memory: [mem 0x0009f000-0x0009ffff]
[    0.000000] PM: Registered nosave memory: [mem 0x000a0000-0x000effff]
[    0.000000] PM: Registered nosave memory: [mem 0x000f0000-0x000fffff]
[    0.000000] e820: [mem 0x40000000-0xfffbffff] available for PCI devices
[    0.000000] Booting paravirtualized kernel on KVM
[    0.000000] clocksource: refined-jiffies: mask: 0xffffffff max_cycles: 0xffffffff, max_idle_ns: 7645519600211568 ns
[    0.000000] setup_percpu: NR_CUS:256 nr_cpumask_bits:256 nr_cpu_ids:2 nr_node_ids:1
[    0.000000] PERCPU: Embedded 33 pages/cpu @ffff88003fc00000 s98008 r8192 d28968 u1048576
[    0.000000] PV qspinlock hash table entries: 256 (order: 0, 4096 bytes)
[    0.000000] Built 1 zonelists in Node order, mobility grouping on.  Total pages: 257913
[    0.000000] Policy zone: DMA32
[    0.000000] Kernel command line: BOOT_IMAGE=/boot/vmlinuz-4.4.0-22-generic root=LABEL=cloudimg-rootfs ro console=tty1 console=ttyS0
[    0.000000] PID hash table entries: 4096 (order: 3, 32768 bytes)
[    0.000000] Memory: 1005348K/1048120K available (8359K kernel code, 1278K rwdata, 3920K rodata, 1480K init, 1292K bss, 42772K reserved, 0K cma-reserved)
[    0.000000] SLUB: HWalign=64, Order=0-3, MinObjects=0, CPUs=2, Nodes=1
[    0.000000] Hierarchical RCU implementation.
[    0.000000] 	Build-time adjustment of leaf fanout to 64.
[    0.000000] 	RCU restricting CPUs from NR_CPUS=256 to nr_cpu_ids=2.
[    0.000000] RCU: Adjusting geometry for rcu_fanout_leaf=64, nr_cpu_ids=2
[    0.000000] NR_IRQS:16640 nr_irqs:440 16
[    0.000000] Console: colour VGA+ 80x25
[    0.000000] console [tty1] enabled
[    0.000000] console [ttyS0] enabled
[    0.000000] tsc: Detected 1799.997 MHz processor
[    0.207786] Calibrating delay loop (skipped) preset value.. 3599.99 BogoMIPS (lpj=7199988)
[    0.209390] pid_max: default: 32768 minimum: 301
[    0.210223] ACPI: Core revision 20150930
[    0.211872] ACPI: 2 ACPI AML tables successfully acquired and loaded
[    0.213112] Security Framework initialized
[    0.213869] Yama: becoming mindful.
[    0.214565] AppArmor: AppArmor initialized
[    0.215418] Dentry cache hash table entries: 131072 (order: 8, 1048576 bytes)
[    0.216741] Inode-cache hash table entries: 65536 (order: 7, 524288 bytes)
[    0.218328] Mount-cache hash table entries: 2048 (order: 2, 16384 bytes)
[    0.219629] Mountpoint-cache hash table entries: 2048 (order: 2, 16384 bytes)
[    0.220959] Initializing cgroup subsys io
[    0.221709] Initializing cgroup subsys memory
[    0.222499] Initializing cgroup subsys devices
[    0.223323] Initializing cgroup subsys freezer
[    0.224123] Initializing cgroup subsys net_cls
[    0.224959] Initializing cgroup subsys perf_event
[    0.225791] Initializing cgroup subsys net_prio
[    0.226598] Initializing cgroup subsys hugetlb
[    0.227433] Initializing cgroup subsys pids
[    0.228298] CPU: Physical Processor ID: 0
[    0.229060] CPU: Processor Core ID: 0
[    0.230943] mce: CPU supports 0 MCE banks
[    0.231734] Last level iTLB entries: 4KB 64, 2MB 8, 4MB 8
[    0.232689] Last level dTLB entries: 4KB 64, 2MB 0, 4MB 0, 1GB 4

[    0.235633] Freeing SMP alternatives memory: 28K (ffffffff820b3000 - ffffffff820ba000)
[    0.247990] ftrace: allocating 31906 entries in 125 pages
[    0.289728] smpboot: Max logical packages: 1
[    0.295903] smpboot: APIC(0) Converting physical 0 to logical package 0
[    0.308074] ..TIMER: vector=0x30 apic1=0 pin1=2 apic2=-1 pin2=-1
[    0.415044] smpboot: CPU0: Intel(R) Core(TM) i5-6260U CPU @ 1.80GHz (family: 0x6, model: 0x4e, stepping: 0x3)
[    0.677341] Performance Events: unsupported p6 CPU model 78 no PMU driver, software events only.
[    0.727931] KVM setup paravirtual spinlock
[    0.729424] x86: Booting SMP configuration:
[    0.730194] .... node  #0, CPUs:      #1
[    0.731051] kvm-clock: cpu 1, msr 0:3ffe7041, secondary cpu clock
[    0.732886] mce: CPU supports 0 MCE banks
[    0.735287] x86: Booted up 1 node, 2 CPUs
[    0.736295] smpboot: Total of 2 processors activated (7199.98 BogoMIPS)
[    0.740551] devtmpfs: initialized
[    0.742533] evm: security.selinux
[    0.743224] evm: security.SMACK64
[    0.743958] evm: security.SMACK64EXEC
[    0.744703] evm: security.SMACK64TRANSMUTE
[    0.745450] evm: security.SMACK64MMAP
[    0.746142] evm: security.ima
[    0.746751] evm: security.capability
[    0.747769] clocksource: jiffies: mask: 0xffffffff max_cycles: 0xffffffff, max_idle_ns: 7645041785100000 ns
[    0.749678] pinctrl core: initialized pinctrl subsystem
[    0.752303] RTC time: 14:52:29, date: 05/18/16
[    0.753758] NET: Registered protocol family 16
[    0.767457] cpuidle: using governor ladder
[    0.778879] cpuidle: using governor menu
[    0.781039] PCCT header not found.
[    0.783173] ACPI: bus type PCI registered
[    0.785341] acpiphp: ACPI Hot Plug PCI Controller Driver version: 0.5
[    0.788654] PCI: Using configuration type 1 for base access
[    0.805151] ACPI: Added _OSI(Module Device)
[    0.809466] ACPI: Added _OSI(Processor Device)
[    0.811818] ACPI: Added _OSI(3.0 _SCP Extensions)
[    0.814234] ACPI: Added _OSI(Processor Aggregator Device)
[    0.818440] ACPI: Executed 1 blocks of module-level executable AML code
[    0.824716] ACPI: Interpreter enabled
[    0.828304] ACPI Exception: AE_NOT_FOUND, While evaluating Sleep State [\_S1_] (20150930/hwxface-580)
[    0.830551] ACPI Exception: AE_NOT_FOUND, While evaluating Sleep State [\_S2_] (20150930/hwxface-580)
[    0.832692] ACPI Exception: AE_NOT_FOUND, While evaluating Sleep State [\_S3_] (20150930/hwxface-580)
[    0.834577] ACPI Exception: AE_NOT_FOUND, While evaluating Sleep State [\_S4_] (20150930/hwxface-580)
[    0.836495] ACPI: (supports S0 S5)
[    0.840446] ACPI: Using IOAPIC for interrupt routing
[    0.841451] PCI: Using host bridge windows from ACPI; if necessary, use "pci=nocrs" and report a bug
[    0.846069] ACPI: PCI Root Bridge [PCI0] (domain 0000 [bus 00-ff])
[    0.848190] acpi PNP0A03:00: _OSC: OS supports [ASPM ClockPM Segments MSI]
[    0.854696] acpi PNP0A03:00: _OSC failed (AE_NOT_FOUND); disabling ASPM
[    0.855846] acpi PNP0A03:00: fail to add MMCONFIG information, can't access extended PCI configuration space under this bridge.
[    0.857927] PCI host bridge to bus 0000:00
[    0.858683] pci_bus 0000:00: root bus resource [io  0x0000-0x0cf7 window]
[    0.859859] pci_bus 0000:00: root bus resource [io  0x0d00-0xffff window]
[    0.863703] pci_bus 0000:00: root bus resource [mem 0x000a0000-0x000bffff window]
[    0.865115] pci_bus 0000:00: root bus resource [mem 0x40000000-0xffdfffff window]
[    0.866522] pci_bus 0000:00: root bus resource [bus 00-ff]
[    0.868697] pci 0000:00:01.1: legacy IDE quirk: reg 0x10: [io  0x01f0-0x01f7]
[    0.872248] pci 0000:00:01.1: legacy IDE quirk: reg 0x14: [io  0x03f6]
[    0.873351] pci 0000:00:01.1: legacy IDE quirk: reg 0x18: [io  0x0170-0x0177]
[    0.874468] pci 0000:00:01.1: legacy IDE quirk: reg 0x1c: [io  0x0376]
[    0.899874] ACPI: PCI Interrupt Link [LNKA] (IRQs 5 9 10 11) *0, disabled.
[    0.907037] ACPI: PCI Interrupt Link [LNKB] (IRQs 5 9 10 *11)
[    0.908471] ACPI: PCI Interrupt Link [LNKC] (IRQs 5 9 *10 11)
[    0.909877] ACPI: PCI Interrupt Link [LNKD] (IRQs 5 *9 10 11)
[    0.911328] ACPI: Enabled 2 GPEs in block 00 to 07
[    0.912615] vgaarb: setting as boot device: PCI:0000:00:02.0
[    0.913582] vgaarb: device added: PCI:0000:00:02.0,decodes=io+mem,owns=io+mem,locks=none
[    0.915100] vgaarb: loaded
[    0.915683] vgaarb: bridge control possible 0000:00:02.0
[    0.916818] SCSI subsystem initialized
[    0.917767] ACPI: bus type USB registered
[    0.918548] usbcore: registered new interface driver usbfs
[    0.919579] usbcore: registered new interface driver hub
[    0.920727] usbcore: registered new device driver usb
[    0.925301] PCI: Using ACPI for IRQ routing
[    0.926341] NetLabel: Initializing
[    0.927050] NetLabel:  domain hash size = 128
[    0.927851] NetLabel:  protocols = UNLABELED CIPSOv4
[    0.928773] NetLabel:  unlabeled traffic allowed by default
[    0.930034] clocksource: Switched to clocksource kvm-clock
[    0.937476] AppArmor: AppArmor Filesystem Enabled
[    0.943735] pnp: PnP ACPI init
[    0.945061] pnp: PnP ACPI: found 3 devices
[   .957463] clocksource: acpi_pm: mask: 0xffffff max_cycles: 0xffffff, max_idle_ns: 2085701024 ns
[    1.071706] NET: Registered protocol family 2
[    1.072716] TCP established hash table entries: 8192 (order: 4, 65536 bytes)
[    1.075291] TCP bind hash table entries: 892orr:, 10 bes
[   .409 T: shabs nfur (talished 8192 bind 8192)
  2.07] P shab eri: 12orer2,63 bes
[  2443]UDP-Lite hash table entries: 512 (order: 2, 16384 bytes)
[    3.209642] NT:egted otolamy 
[   3497]ci00000. Lmiting direct PCI/CIrafe
  4.93] i 000:.0AcvangISA DM hg rkous
[    4.978673] Trying to unpack rootfs image as initramfs...
[    6.329192] Freeing initrd memory: 7296K (ffff8800371b0000 - ffff8800378d0000)
[    6.350774] platform rtc_cmos: registered platform RTC device (no PNP device found)
[    6.352228] Scanning for low memory corruption every 60 seconds
[    6.353723] futex hash table entries: 512 (order: 3, 32768 bytes)
[    6.354894] audit: initializing netlink subsys (disabled)
[    6.355829] audit: type=2000 audit(1463583159.023:1): initialized
[    6.357080] Initialise system trusted keyring
[    6.358615] HugeTLB registered 2 MB page size, pre-allocated 0 pages
[    6.361017] zbud: loaded
[    6.361934] VFS: Disk quotas dquot_6.6.0
[    6.362831] VFS: Dquot-cache hash table entries: 512 (order 0, 4096 bytes)
[    6.364538] fuse init (API version 7.23)
[    6.368253] Key type big_key registered
[    6.369007] Allocating IMA MOK and blacklist keyrings.
[    6.372307] Key type asymmetric registered
[    6.373147] Asymmetric key parser 'x509' registered
[    6.374103] Block layer SCSI generic (bsg) driver version 0.4 loaded (major 249)
[    6.375742] io scheduler noop registered
[    6.376560] io scheduler deadline registered (default)
[    6.377546] io scheduler cfq registered
[    6.378408] pci_hotplug: PCI Hot Plug PCI Core version: 0.5
[    6.379476] pciehp: PCI Express Hot Plug Controller Driver version: 0.4
[    6.380652] ACPI: AC Adapter [AC] (on-line)
[    6.381473] input: Power Button as /devices/LNXSYSTM:00/LNXPWRBN:00/input/input0
[    6.382963] ACPI: Power Button [PWRF]
[    6.383767] input: Sleep Button as /devices/LNXSYSTM:00/LNXSLPBN:00/input/input1
[    6.385144] ACPI: Sleep Button [SLPF]
[    6.386163] GHES: HEST is not enabled!
[    6.386984] Serial: 8250/16550 driver, 32 ports, IRQ sharing enabled
[    6.409422] 00:02: ttyS0 at I/O 0x3f8 (irq = 4, base_baud = 115200) is a 16550A
[    6.411792] Linux agpgart interface v0.103
[    6.416115] brd: module loaded
[    6.421461] loop: module loaded
[    6.424713] scsi host0: ata_piix
[    6.425715] scsi host1: ata_piix
[    6.426489] ata1: PATA max UDMA/33 cmd 0x1f0 ctl 0x3f6 bmdma 0xd000 irq 14
[    6.427598] ata2: PATA max UDMA/33 cmd 0x170 ctl 0x376 bmdma 0xd008 irq 15
[    6.428839] libphy: Fixed MDIO Bus: probed
[    6.429665] tun: Universal TUN/TAP device driver, 1.6
[    6.430680] tun: (C) 1999-2004 Max Krasnyansky <maxk@qualcomm.com>
[    6.431770] PPP generic driver version 2.4.2
[    6.432610] ehci_hcd: USB 2.0 'Enhanced' Host Controller (EHCI) Driver
[    6.433682] ehci-pci: EHCI PCI platform driver
[    6.434617] ehci-platform: EHCI generic platform driver
[    6.435551] ohci_hcd: USB 1.1 'Open' Host Controller (OHCI) Driver
[    6.436656] ohci-pci: OHCI PCI platform driver
[    6.437498] ohci-platform: OHCI generic platform driver
[    6.438406] uhci_hcd: USB Universal Host Controller Interface driver
[    6.439637] i8042: PNP: PS/2 Controller [PNP0303:PS2K,PNP0f03:PS2M] at 0x60,0x64 irq 1,12
[    6.441641] serio: i8042 KBD port at 0x60,0x64 irq 1
[    6.442644] serio: i8042 AUX port at 0x60,0x64 irq 12
[    6.443664] mousedev: PS/2 mouse device common for all mice
[    6.445057] rtc_cmos rtc_cmos: rtc core: registered rtc_cmos as rtc0
[    6.446312] rtc_cmos rtc_cmos: alarms up to one day, 114 bytes nvram
[    6.447429] i2c /dev entries driver
[    6.448230] input: AT Translated Set 2 keyboard as /devices/platform/i8042/serio0/input/input2
[    6.449915] device-mapper: uevent: version 1.0.3
[    6.451046] device-mapper: ioctl: 4.34.0-ioctl (2015-10-28) initialised: dm-devel@redhat.com
[    6.452594] ledtrig-cpu: registered to indicate activity on CPUs
[    6.454517] NET: Registered protocol family 10
[    6.455636] NET: Registered protocol family 17
[    6.459506] Key type dns_resolver registered
[    6.460473] microcode: CPU0 sig=0x406e3, pf=0x40, revision=0x0
[    6.463320] microcode: CPU1 sig=0x406e3, pf=0x40, revision=0x0
[    6.464350] microcode: Microcode Update Driver: v2.01 <tigran@aivazian.fsnet.co.uk>, Peter Oruba
[    6.466011] registered taskstats version 1
[    6.466870] Loading compiled-in X.509 certificates
[    6.468282] Loaded X.509 cert 'Build time autogenerated kernel key: 10281ca0c0463cd0680138fff55319c9bd7d63b8'
[    6.470017] zswap: loaded using pool lzo/zbud
[    6.482788] Key type trusted registered
[    6.491413] Key type encrypted registered
[    6.497115] AppArmor: AppArmor sha1 policy hashing enabled
[    6.498094] ima: No TPM chip found, activating TPM-bypass!
[    6.499183] evm: HMAC attrs: 0x1
[    6.500178]   Magic number: 0:171:890
[    6.501062] rtc_cmos rtc_cmos: setting system clock to 2016-05-18 14:52:35 UTC (1463583155)
[    6.502813] BIOS EDD facility v0.16 2004-Jun-25, 0 devices found
[    6.503833] EDD information not available.
[    6.585481] Freeing unused kernel memory: 1480K (ffffffff81f41000 - ffffffff820b3000)
[    6.870080] Write protecting the kernel read-only data: 14336k
[    6.871788] Freeing unused kernel memory: 1868K (ffff88000182d000 - ffff880001a00000)
[    6.877240] Freeing unused kernel memory: 176K (ffff880001dd4000 - ffff880001e00000)
Loading, please wait...
[    6.889556] random: systemd-udevd urandom read with 3 bits of entropy available
starting version 229
[    7.205591] Fusion MPT base driver 3.04.20
[    7.359446] Copyright (c) 1999-2008 LSI Corporation
[    7.360519] tsc: Refined TSC clocksource calibration: 1799.511 MHz
[    7.363054] clocksource: tsc: mask: 0xffffffffffffffff max_cycles: 0x19f05bc8974, max_idle_ns: 440795286357 ns
[    7.375462] e1000: Intel(R) PRO/1000 Network Driver - version 7.3.21-k8-NAPI
[    7.379365] e1000: Copyright (c) 1999-2006 Intel Corporation.
[    7.386126] Fusion MPT SPI Host driver 3.04.20
[    7.607515] AVX version of gcm_enc/dec engaged.
[    7.618730] AES CTR mode by8 optimization enabled
[    7.803482] input: ImExPS/2 Generic Explorer Mouse as /devices/platform/i8042/serio1/input/input4
[    7.953833] e1000 0000:00:03.0 eth0: (PCI:33MHz:32-bit) 02:40:05:c5:17:35
[    8.000293] e1000 0000:00:03.0 eth0: Intel(R) PRO/1000 Network Connection
[    8.353172] e1000 0000:00:08.0 eth1: (PCI:33MHz:32-bit) 08:00:27:6b:2c:49
[    8.370340] e1000 0000:00:08.0 eth1: Intel(R) PRO/1000 Network Connection
[    8.372360] mptbase: ioc0: Initiating bringup
[    8.375450] e1000 0000:00:03.0 enp0s3: renamed from eth0
[    8.386873] e1000 0000:00:08.0 enp0s8: renamed from eth1
[    8.724438] ioc0: LSI53C1030 A0: Capabilities={Initiator}
[    9.474020] scsi host2: ioc0: LSI53C1030 A0, FwRev=00000000h, Ports=1, MaxQ=256, IRQ=20
[   10.470606] scsi 2:0:0:0: Direct-Access     VBOX     HARDDISK         1.0  PQ: 0 ANSI: 5
[   10.708668] floppy0: no floppy controllers found
[   10.708797] scsi target2:0:0: Beginning Domain Validation
[   10.710395] scsi target2:0:0: Domain Validation skipping write tests
[   10.710396] scsi target2:0:0: Ending Domain Validation
[   10.710450] scsi target2:0:0: asynchronous
[   10.979316] scsi 2:0:1:0: Direct-Access     VBOX     HARDDISK         1.0  PQ: 0 ANSI: 5
[   10.979322] scsi target2:0:1: Beginning Domain Validation
[   10.981033] scsi target2:0:1: Domain Validation skipping write tests
[   10.981034] scsi target2:0:1: Ending Domain Validation
[   10.981076] scsi target2:0:1: asynchronous
[   11.130334] sd 2:0:0:0: [sda] 20971520 512-byte logical blocks: (10.7 GB/10.0 GiB)
[   11.137540] sd 2:0:0:0: Attached scsi generic sg0 type 0
[   11.144418] sd 2:0:0:0: [sda] Write Protect is off
[   11.147809] sd 2:0:1:0: [sdb] 20480 512-byte logical blocks: (10.5 MB/10.0 MiB)
[   11.154747] sd 2:0:1:0: Attached scsi generic sg1 type 0
[   11.155914] sd 2:0:0:0: [sda] Incomplete mode parameter data
[   11.162287] sd 2:0:0:0: [sda] Assuming drive cache: write through
[   11.163382] sd 2:0:1:0: [sdb] Write Protect is off
[   11.166864] sd 2:0:1:0: [sdb] Incomplete mode parameter data
[   11.167869] sd 2:0:1:0: [sdb] Assuming drive cache: write through
[   11.170956]  sda: sda1
[   11.448032] sd 2:0:1:0: [sdb] Attached SCSI disk
[   12.073758] sd 2:0:0:0: [sda] Attached SCSI disk
Begin: Loading e[   13.578090] md: linear personality registered for level -1
ssential drivers ... [   13.583617] md: multipath personality registered for level -4
[   13.589502] md: raid0 personality registered for level 0
[   13.602823] md: raid1 personality registered for level 1
[   13.678094] raid6: sse2x1   gen()  8274 MB/s
[   13.750074] raid6: sse2x1   xor()  5222 MB/s
[   13.822106] raid6: sse2x2   gen() 10054 MB/s
[   13.890104] raid6: sse2x2   xor()  6844 MB/s
[   13.962110] raid6: sse2x4   gen() 10994 MB/s
[   14.030104] raid6: sse2x4   xor()  7510 MB/s
[   14.035971] raid6: using algorithm sse2x4 gen() 10994 MB/s
[   14.086538] raid6: .... xor() 7510 MB/s, rmw enabled
[   14.166517] raid6: using ssse3x2 recovery algorithm
[   14.255033] xor: automatically using best checksumming function:
[   14.366069]    avx       : 19303.000 MB/sec
[   14.388212] async_tx: api initialized (async)
[   14.400061] md: raid6 personality registered for level 6
[   14.402850] md: raid5 personality registered for level 5
[   14.403818] md: raid4 personality registered for level 4
[   14.410310] md: raid10 personality registered for level 10
done.
Begin: Running /scripts/init-premount ... done.
Begin: Mounting root file system ... Begin: Running /scripts/local-top ... done.
Begin: Running /scripts/local-[   14.506557] Btrfs loaded
premount ... Scanning for Btrfs filesystems
done.
Warning: fsck no[   14.578289] EXT4-fs (sda1): mounted filesystem with ordered data mode. Opts: (null)
t present, so skipping root file system
done.
Begin: Running /scripts/local-bottom ... done.
Begin: Running /scripts/init-bottom ... Warning: overlayroot: debug is busted
done.
[   14.737921] systemd[1]: systemd 229 running in system mode. (+PAM +AUDIT +SELINUX +IMA +APPARMOR +SMACK +SYSVINIT +UTMP +LIBCRYPTSETUP +GCRYPT +GNUTLS +ACL +XZ -LZ4 +SECCOMP +BLKID +ELFUTILS +KMOD -IDN)
[   15.024698] systemd[1]: Detected virtualization oracle.
[   15.095671] systemd[1]: Detected architecture x86-64.

Welcome to [1mUbuntu 16.04 LTS[0m!

[   15.203673] systemd[1: t ostname to <ubuntu>.
[   15.417440] systemd[1]: Initializing machine ID from random generator.
[   15.444509] systemd[1]: Installed transient /etc/machine-id file.
[   15.545204] systemd[1]: Listening on Syslog Socket.
[[0;32m  OK  [0m] Listening on Syslog Socket.
[   15.552548] systemd[1]: Reached target Encrypted Volumes.
[[0;32m  OK  [0m] Reached target Encrypted Volumes.
[   15.554648] systemd[1]: Started Forward Password Requests to Wall Directory Watch.
[[0;32m  OK  [0m] Started Forward Password Requests to Wall Directory Watch.
[   15.557470] systemd[1]: Set up automount Arbitrary Executable File Formats File System Automount Point.
[[0;32m  OK  [0m] Set up automount Arbitrary Executab...ats File System Automount Point.
[   15.562539] systemd[1]: Listening on LVM2 metadata daemon socket.
[[0;32m  OK  [0m] Listening on LVM2 metadata daemon socket.
[   15.564762] systemd[1]: Listening on LVM2 poll daemon socket.
[[0;32m  OK  [0m] Listening on LVM2 poll daemon socket.
[   15.566914] systemd[1]: Reached target Swap.
[[0;32m  OK  [0m] Reached target Swap.
[   15.568695] systemd[1]: Reached target User and Group Name Lookups.
[[0;32m  OK  [0m] Reached target User and Group Name Lookups.
[   15.570986] systemd[1]: Listening on Journal Audit Socket.
[[0;32m  OK  [0m] Listening on Journal Audit Socket.
[   15.572949] systemd[1]: Listening on udev Control Socket.
[[0;32m  OK  [0m] Listening on udev Control Socket.
[   15.574986] systemd[1]: Listening on /dev/initctl Compatibility Named Pipe.
[[0;32m  OK  [0m] Listening on /dev/initctl Compatibility Named Pipe.
[   15.577237] systemd[1]: Listening on udev Kernel Socket.
[[0;32m  OK  [0m] Listening on udev Kernel Socket.
[   15.583932] systemd[1]: Created slice System Slice.
[[0;32m  OK  [0m] Created slice System Slice.
[   15.588452] systemd[1]: Created slice system-serial\x2dgetty.slice.
[[0;32m  OK  [0m] Created slice system-serial\x2dgetty.slice.
[   15.593736] systemd[1]: Created slice system-getty.slice.
[[0;32m  OK  [0m] Created slice system-getty.slice.
[   15.598391] systemd[1]: Listening on Journal Socket (/dev/log).
[[0;32m  OK  [0m] Listening on Journal Socket (/dev/log).
[   15.601077] systemd[1]: Created slice User and Session Slice.
[[0;32m  OK  [0m] Created slice User and Session Slice.
[   15.603327] systemd[1]: Reached target Slices.
[[0;32m  OK  [0m] Reached target Slices.
[   15.605219] systemd[1]: Listening on Journal Socket.
[[0;32m  OK  [0m] Listening on Journal Socket.
[   15.607423] random: nonblocking pool is initialized
[   15.618416] systemd[1]: Starting Load Kernel Modules...
         Starting Load Kernel Modules...
[   15.628542] systemd[1]: Mounting POSIX Message Queue File System...
         Mounting POSIX Message Queue File System...
[   15.639479] systemd[1]: Starting Nameserver information manager...
[   15.839737] Loading iSCSI transport class v2.0-870.
         Starting Nameserver information manager...
[   16.323789] systemd[1]: Mounting Debug File System...
         [   16.330837] iscsi: registered transport (tcp)
Mounting Debug File System...
[   16.500657] systemd[1]: Starting Create list of required static device nodes for the current kernel...
         Starting Create list of required st... nodes for the current kernel...
[   16.524346] systemd[1]: Starting Uncomplicated firewall...
         Starting Uncompl[   16.531298] iscsi: registered transport (iser)
icated firewall...
[   16.590368] systemd[1]: Starting Remount Root and Kernel File Systems...
         [   16.595974] EXT4-fs (sda1): re-mounted. Opts: (null)
Starting Remount Root and Kernel File Systems...
[   16.603442] systemd[1]: Mounting Huge Pages File System...
         Mounting Huge Pages File System...
[   16.611336] systemd[1]: Starting Journal Service...
         Starting Journal Service...
[ 17069]ysemd[1]: Listening on Device-mapper event daemon FIFOs.
[[0;32m  OK  [0m] Listening on Device-mapper event daemon FIFOs.
[   17.614542] systemd[1]: Starting Monitoring of LVM2 mirrors, snapshots etc. using dmeventd or progress polling...
         Starting Monitoring of LVM2 mirrors... dmeventd or progress polling...
[   17.653503] systemd[1]: Mounted Debug File System.
[[0;32m  OK  [0m] Mounted Debug File System.
[   17.666022] systemd[1]: Mounted POSIX Message Queue File System.
[[0;32m  OK  [0m] Mounted POSIX Message Queue File System.
[   17.668042] systemd[1]: Mounted Huge Pages File System.
[[0;32m  OK  [0m] Mounted Huge Pages File System.
[   17.902953] systemd[1]: Started Journal Service.
[[0;32m  OK  [0m] Started Journal Service.
[[0;32m  OK  [0m] Started Load Kernel Modules.
[[0;32m  OK  [0m] Started Create list of required sta...ce nodes for the current kernel.
[[0;32m  OK  [0m] Started Uncomplicated firewall.
[[0;32m  OK  [0m] Started Remount Root and Kernel File Systems.
[[0;32m  OK  [0m] Started Nameserver information manager.
[[0;32m  OK  [0m] Started LVM2 metadata daemon.
         Starting Load/Save Random Seed...
         Starting udev Coldplug all Devices...
         Starting Create Static Device Nodes in /dev...
         Starting Apply Kernel Variables...
         Mounting FUSE Control File System...
         Starting Flush Journal to Persistent Storage...
[[0;32m  OK  [0m] Mounted FUSE Control File System.
[[0;32m  OK  [0m] Started Load/Save Random Seed.
[[0;32m  OK  [0m] Started Create Static Device Nodes in /dev.
[[0;32m  OK  [0m] Started Apply Kernel Variables.
[[0;32m  OK  [0m] Started udev Coldplug all Devices.
[[0;32m  OK  [0m] Started Flush Journal to Persistent Storage.
         Starting udev Kernel Device Manager...
[[0;32m  OK  [0m] Started udev Kernel Device Manager.
[[0;32m  OK  [0m] Started Dispatch Password Requests to Console Directory Watch.
[[0;32m  OK  [0m] Found device /dev/ttyS0.
[[0;32m  OK  [0m] Started Monitoring of LVM2 mirrors,...ng dmeventd or progress polling.
[[0;32m  OK  [0m] Reached target Local File Systems (Pre).
[[0;32m  OK  [0m] Reached target Local File Systems.
         Starting Tell Plymouth To Write Out Runtime Data...
         Starting Set console keymap...
         Starting LSB: AppArmor initialization...
         Starting Commit a transient machine-id on disk...
         Starting Initial cloud-init job (pre-networking)...
         Starting Create Volatile Files and Directories...
[[0;32m  OK  [0m] Started Tell Plymouth To Write Out Runtime Data.
[[0;32m  OK  [0m] Started Set console keymap.
[[0;32m  OK  [0m] Started Commit a transient machine-id on disk.
[[0;32m  OK  [0m] Started Create Volatile Files and Directories.
[[0;32m  OK  [0m] Listening on Load/Save RF Kill Switch Status /dev/rfkill Watch.
         Starting Network Time Synchronization...
         Starting Update UTMP about System Boot/Shutdown...
[[0;32m  OK  [0m] Started Network Time Synchronization.
[[0;32m  OK  [0m] Reached target System Time Synchronized.
[[0;32m  OK  [0m] Started Update UTMP about System Boot/Shutdown.
[[0;32m  OK  [0m] Started LSB: AppArmor initialization.
[[0;32m  OK  [0m] Reached target System Initialization.
[[0;32m  OK  [0m] Listening on ACPID Listen Socket.
[[0;32m  OK  [0m] Listening on UUID daemon activation socket.
         Starting Socket activation for snappy daemon.
         Starting LXD - unix socket.
[[0;32m  OK  [0m] Started ACPI Events Check.
[[0;32m  OK  [0m] Started Daily apt activities.
[[0;32m  OK  [0m] Started Daily Cleanup of Temporary Directories.
[[0;32m  OK  [0m] Reached target Timers.
[[0;32m  OK  [0m] Listening on D-Bus System Message Bus Socket.
[[0;32m  OK  [0m] Started Trigger resolvconf update for networkd DNS.
[[0;32m  OK  [0m] Reached target Paths.
         Starting Seed the pseudo random number generator on first boot...
[[0;32m  OK  [0m] Listening on Socket activation for snappy daemon.
[[0;32m  OK  [0m] Listening on LXD - unix socket.
[[0;32m  OK  [0m] Reached target Sockets.
[[0;32m  OK  [0m] Reached target Basic System.
[[0;32m  OK  [0m] Started Deferred execution scheduler.
         Starting Login Service...
[[0;32m  OK  [0m] Started ACPI event daemon.
[[0;32m  OK  [0m] Started Regular background program processing daemon.
         Starting LSB: MD monitoring daemon...
         Starting Accounts Service...
         Starting LXD - container startup/shutdown...
[[0;32m  OK  [0m] Started D-Bus System Message Bus.
         Starting System Logging Service...
         Starting LSB: Record successful boot for GRUB...
[[0;32m  OK  [0m] Started FUSE filesystem for LXC.
[[0;32m  OK  [0m] Started System Logging Service.
[[0;32m  OK  [0m] Started LXD - container startup/shutdown.
[[0;32m  OK  [0m] Started LSB: MD monitoring daemon.
[[0;32m  OK  [0m] Started LSB: Record successful boot for GRUB.
[[0;32m  OK  [0m] Started Login Service.
         Starting Authenticate and Authorize Users to Run Privileged Tasks...
[[0;32m  OK  [0m] Started Authenticate and Authorize Users to Run Privileged Tasks.
[[0;32m  OK  [0m] Started Accounts Service.
[[0;32m  OK  [0m] Started Seed the pseudo random number generator on first boot.
[   50.445118] cloud-init[646]: Cloud-init v. 0.7.7 running 'init-local' at Wed, 18 May 2016 14:52:48 +0000. Up 18.87 seconds.
[[0;32m  OK  [0m] Started Initial cloud-init job (pre-networking).
[[0;32m  OK  [0m] Reached target Network (Pre).
         Starting Raise network interfaces...
[[0;32m  OK  [0m] Started ifup for enp0s3.
[[0;32m  OK  [0m] Found device 82540EM Gigabit Ethern...r (PRO/1000 MT Desktop Adapter).
[[0;32m  OK  [0m] Started Raise network interfaces.
         Starting Initial cloud-init job (metadata service crawler)...
[[0;32m  OK  [0m] Reached target Network.
[   51.922324] cloud-init[1043]: Cloud-init v. 0.7.7 running 'init' at Wed, 18 May 2016 14:53:20 +0000. Up 51.18 seconds.
[   51.968952] cloud-init[1043]: ci-info: +++++++++++++++++++++++++++++++++++++Net device info++++++++++++++++++++++++++++++++++++++
[   51.971934] cloud-init[1043]: ci-info: +--------+-------+---------------------------+---------------+-------+-------------------+
[   51.974815] cloud-init[1043]: ci-info: | Device |   Up  |          Address          |      Mask     | Scope |     Hw-Address    |
[   52.004368] cloud-init[1043]: ci-info: +--------+-------+---------------------------+---------------+-------+-------------------+
[   52.004539] cloud-init[1043]: ci-info: | enp0s3 |  True |         10.0.2.15         | 255.255.255.0 |   .   | 02:40:05:c5:17:35 |
[[0;32m  OK  [0m] Started Initial cloud-init job (metadata service crawler).
[   52.004651] cloud-init[1043]: ci-info: | enp0s3 |  True | fe80::40:5ff:fec5:1735/64 |       .       |  link | 02:40:05:c5:17:35 |
[   52.080611] cloud-init[1043]: ci-info: | enp0s8 | False |             .             |       .       |   .   | 08:00:27:6b:2c:49 |
[   52.081224] cloud-init[1043]: ci-info: |   lo   |  True |         127.0.0.1         |   255.0.0.0   |   .   |         .         |
[[0;32m  OK  [0m] Reached target Cloud-config availability.
[   52.081525] cloud-init[1043]: ci-info: |   lo   |  True |          ::1/128          |       .       |  host |         .         |
[   52.097961] cloud-init[1043]: ci-info: +--------+-------+---------------------------+---------------+-------+-------------------+
[   52.104769] cloud-init[1043]: ci-info: +++++++++++++++++++++++++++Route IPv4 info++++++++++++++++++++++++++++
[   52.110101]          cloud-initStarting OpenBSD Secure Shell server...[1043]: 
ci-info: +-------+-------------+----------+---------------+-----------+-------+
[[0;32m  OK  [0m] Reached target Network is Online.
[   52.195739] cloud-init[1043]: ci-info: | Route | Destination | Gateway  |    Genmask    | Interface | Flags |
[   52.281041] cloud-init[1043]: ci-info: +-------+-------------+----------+---------------+-----------+-------+
[   52.282696] cloud-init[1043]: ci-info: |   0   |   0.0.0.0   | 10.0.2.2 |    0.0.0.0    |   enp0s3  |   UG  |
         Starting /etc/rc.local Compatibility...
[   52.283128] cloud-init[1043]: ci-info: |   1   |   10.0.2.0  | 0.0.0.0  | 255.255.255.0 |   enp0s3  |   U   |
[   52.397527] cloud-init[1043]: ci-info: +-------+-------------+----------+---------------+-----------+-------+
[   52.403358] cloud-init[1043]: Generating public/private rsa key pair.
[   52.436405] cloud-init[1043]: Your identification has been saved in /etc/ssh/ssh_host_rsa_key.
[   52.436696] cloud-init[1043]: Your public key has been saved in /etc/ssh/ssh_host_rsa_key.pub.
         Starting Apply the settings specified in cloud-config...
[   52.436834] cloud-init[1043]: The key fingerprint is:
[   52.487887] cloud-init[1043]: SHA256:qml5Nv14QPBkYDBTTZ9XjSoyO4Od6ylsWPb8cQhGkJg root@ubuntu-xenial
[   52.489763] cloud-init[1043]: The key's randomart image is:
[   52.490824] cloud-init[1043]: +---[RSA 2048]----+
[   52.491779] cloud-init[1043]: |    +===.     .o |
[   52.492725] cloud-init[1043]: |    E+o.+. . .. .|
[   52.493735] cloud-init[1043]: |       =. o ..   |
[   52.495882] cloud-init[1043]: |       .= ...    |
         Starting iSCSI initiator daemon (iscsid)...
[   52.510031] cloud-init[1043]: |       +S= .     |
[   52.518455] cloud-init[1043]: |      +oB. .     |
[   52.518718] cloud-init[1043]: |     *.+ =o .    |
[[0;32m  OK  [0m] Started OpenBSD Secure Shell server.
[   52.518840] cloud-init[1043]: |    +oB =o.o     |
[   52.522580] cloud-init[1043]: |   .o+ +++o      |
[   52.522902] cloud-init[1043]: +----[SHA256]-----+
[   52.523036] cloud-init[1043]: Generating public/private dsa key pair.
[   52.523184] cloud-init[1043]: Your identification has been saved in /etc/ssh/ssh_host_dsa_key.
[   52.523345] cloud-init[1043]: Your public key has been saved in /etc/ssh/ssh_host_dsa_key.pub.
[   52.523502] cloud-init[1043]: The key fingerprint is:
[   52.523637] cloud-init[1043]: SHA256:qrMr0ZZykCxNMl1na0ErTNeZqnJSdUldaaftFmiSJ+4 root@ubuntu-xenial
[   52.523790] cloud-init[1043]: The key's randomart image is:
[   52.523935] cloud-init[1043]: +---[DSA 1024]----+
[   52.524277] cloud-init[1043]: | . .o.*o.= ...   |
[   52.524436] cloud-init[1043]: |o oo +.+* . o .  |
[   52.524598] cloud-init[1043]: | * .o.+o   o =   |
[   52.524777] cloud-init[1043]: |. = .o.   + = o  |
[   52.524911] cloud-init[1043]: | . + o  S. = . . |
[   52.525073] cloud-init[1043]: |  = B  .  .   o  |
[   52.525208] cloud-init[1043]: |   O  .  .   .   |
[   52.525329] cloud-init[1043]: |  . ..    E      |
[   52.525492] cloud-init[1043]: |   .++           |
[   52.525654] cloud-init[1043]: +----[SHA256]-----+
[   52.525827] cloud-init[1043]: Generating public/private ecdsa key pair.
[   52.525973] cloud-init[1043]: Your identification has been saved in /etc/ssh/ssh_host_ecdsa_key.
[   52.526125] cloud-init[1043]: Your public key has been saved in /etc/ssh/ssh_host_ecdsa_key.pub.
[[0;32m  OK  [0m] [   52.526272] Started /etc/rc.local Compatibility.cloud-init
[1043]: The key fingerprint is:
[   52.576616] cloud-init[1043]: SHA256:lm5n49cNsdbkpuyRUIwOzj5v9ovHt224Kjmsn9BfTvw root@ubuntu-xenial
[   52.576864] cloud-init[1043]: The key's randomart image is:
[   52.577133] cloud-init[1043]: +---[ECDSA 256]---+
[   52.577308] cloud-init[1043]: |                 |
[   52.577457] cloud-init[1043]: |             o   |
[   52.577633] cloud-init[1043]: |          . . o  |
[   52.577828] cloud-init[1043]: |         + o .. .|
[   52.577993] cloud-init[1043]: |        S o o  * |
[   52.578140] cloud-init[1043]: |       o o   o+.+|
[   52.578276] cloud-init[1043]: |        +.B. =** |
[   52.578428] cloud-init[1043]: |       . ==*+=Bo=|
[   52.578593] cloud-init[1043]: |        .o+*==**E|
[   52.578757] cloud-init[1043]: +----[SHA256]-----+
[   52.578921] cloud-init[1043]: Generating public/private ed25519 key pair.
[   52.579100] cloud-init[1043]: Your identification has been saved in /etc/ssh/ssh_host_ed25519_key.
[   52.579261] cloud-init[1043]: Your public key has been saved in /etc/ssh/ssh_host_ed25519_key.pub.
[   52.579451] cloud-init[1043]: The key fingerprint is:
[   52.579627] cloud-init[1043]: SHA256:JS++Xen+z2JT/7vfh61RtdTyG6w+k2pP9ll14+YtH1c root@ubuntu-xenial
[   52.579764] cloud-init[1043]: The key's randomart image is:
[   52.579900] cloud-init[1043]: +--[ED25519 256]--+
[   52.580828] cloud-init[1043]: |                 |
[   52.581136] cloud-init[1043]: |                .|
[   52.581329] cloud-init[1043]: |        . .   ..o|
[   52.581505] cloud-init[1043]: |         +    ooo|
[   52.581661] cloud-init[1043]: |        S .    =E|
[[0;32m  OK  [0m] Started iSCSI initiator daemon (iscsid).
[   52.581831] cloud-init[1043]: |       . .   .o.O|
[   52.600953] cloud-init[1043]: |        .   o+oO+|
[   52.602148] cloud-init[1043]: |         o +++Xo@|
[   52.603241] cloud-init[1043]: |        . oo===&#|
[   52.728368] cloud-init[1043]: +----[SHA256]-----+
         Starting Login to default iSCSI targets...
[[0;32m  OK  [0m] Started Login to default iSCSI targets.
[   52.845587] cloud-init[1137]: Generating locales (this might take a while)...
[[0;32m  OK  [0m] Reached target Remote File Systems (Pre).
[[0;32m  OK  [0m] Reached target Remote File Systems.
         Starting LSB: automatic crash report generation...
         Starting LSB: Set the CPU Frequency Scaling governor to "ondemand"...
         Starting LSB: daemon to balance interrupts for SMP systems...
         Starting Permit User Sessions...
[[0;32m  OK  [0m] Started Permit User Sessions.
         Starting Hold until boot process finishes up...
         Starting Terminate Plymouth Boot Screen...
[[0;32m  OK  [0m] Started LSB: automatic crash report generation.
[[0;32m  OK  [0m] Started LSB: Set the CPU Frequency Scaling governor to "ondemand".
[[0;32m  OK  [0m] Started LSB: daemon to balance interrupts for SMP systems.
[[0;32m  OK  [0m] Started Hold until boot process finishes up.
[[0;32m  OK  [0m] Started Terminate Plymouth Boot Screen.
[[0;32m  OK  [0m] Started Getty on tty1.
[[0;32m  OK  [0m] Started Serial Getty on ttyS0.
[[0;32m  OK  [0m] Reached target Login Prompts.
[   53.545328] cloud-init[1137]:   en_US.UTF-8... done
[   53.565340] cloud-init[1137]: Generation complete.
         Stopping OpenBSD Secure Shell server...
[[0;32m  OK  [0m] Stopped OpenBSD Secure Shell server.
         Starting OpenBSD Secure Shell server...
[[0;32m  OK  [0m] Started OpenBSD Secure Shell server.
[   54.007497] cloud-init[1137]: Cloud-init v. 0.7.7 running 'modules:config' at Wed, 18 May 2016 14:53:22 +0000. Up 52.74 seconds.
[[0;32m  OK  [0m] Started Apply the settings specified in cloud-config.
         Starting Execute cloud user/final scripts...
ci-info: no authorized ssh keys fingerprints found for user ubuntu.
<14>May 18 14:53:24 ec2: 
<14>May 18 14:53:24 ec2: #############################################################
<14>May 18 14:53:24 ec2: -----BEGIN SSH HOST KEY FINGERPRINTS-----
<14>May 18 14:53:24 ec2: 1024 SHA256:qrMr0ZZykCxNMl1na0ErTNeZqnJSdUldaaftFmiSJ+4 root@ubuntu-xenial (DSA)
<14>May 18 14:53:24 ec2: 256 SHA256:lm5n49cNsdbkpuyRUIwOzj5v9ovHt224Kjmsn9BfTvw root@ubuntu-xenial (ECDSA)
<14>May 18 14:53:24 ec2: 256 SHA256:JS++Xen+z2JT/7vfh61RtdTyG6w+k2pP9ll14+YtH1c root@ubuntu-xenial (ED25519)
<14>May 18 14:53:24 ec2: 2048 SHA256:qml5Nv14QPBkYDBTTZ9XjSoyO4Od6ylsWPb8cQhGkJg root@ubuntu-xenial (RSA)
<14>May 18 14:53:24 ec2: -----END SSH HOST KEY FINGERPRINTS-----
<14>May 18 14:53:24 ec2: #############################################################
-----BEGIN SSH HOST KEY KEYS-----
ecdsa-sha2-nistp256 AAAAE2VjZHNhLXNoYTItbmlzdHAyNTYAAAAIbmlzdHAyNTYAAABBBOOlyEBsLnPilNHZNtO9TZzfjOQ9ZP1gcpWCgZRU4sPJaa7/RLI+5KGLv6TXg3CBXZSK2e3m17hm2qniHU2DcQA= root@ubuntu-xenial
ssh-ed25519 AAAAC3NzaC1lZDI1NTE5AAAAICCQBahgpakpYEB9vdzm6P+O/gm8yo+7LZeCp07m2B+Z root@ubuntu-xenial
ssh-rsa AAAAB3NzaC1yc2EAAAADAQABAAABAQDWzOTec9CETqEkgV0ZO6Xr7YNnhhis30XQkHxFIBQQAADWHLMfRV1wSr+NICYVXDE19G1uf+J6ZzGagqFLZxG8MAxX7wVVghgnVTRjMw5qk3F4T3q9eJ+Ahoe2dSDMFDANbgvP1jbrtLpA6T80hof0AjAPB20qLX7nODTDkmDcFzxHGlZl71PqwD0J4fva+n58kvWX0qw4XROYyODOvcZqThMZNaaY8QfU7WddCXhx2zIJDgR7haoqL6NTcJ5aTw7lLbowWdSZD5g4Cy1c/UN5biEBAHnrYzw9Vmz+HLljdc3tpdfT1siNaNVeLYYstFvQkneJ8b97WfEaSjeanU6x root@ubuntu-xenial
-----END SSH HOST KEY KEYS-----
[   54.543578] cloud-init[1253]: Cloud-init v. 0.7.7 running 'modules:final' at Wed, 18 May 2016 14:53:23 +0000. Up 54.33 seconds.
[   54.578029] cloud-init[1253]: ci-info: no authorized ssh keys fingerprints found for user ubuntu.
[   54.579422] cloud-init[1253]: Cloud-init v. 0.7.7 finished at Wed, 18 May 2016 14:53:24 +0000. Datasource DataSourceNoCloudNet [seed=/dev/sdb][dsmode=net].  Up 54.53 seconds
[[0;32m  OK  [0m] Started Execute cloud user/final scripts.
[[0;32m  OK  [0m] Reached target Cloud-init target.
[[0;32m  OK  [0m] Reached target Multi-User System.
[[0;32m  OK  [0m] Reached target Graphical Interface.
         Starting Update UTMP about System Runlevel Changes...
[[0;32m  OK  [0m] Started Update UTMP about System Runlevel Changes.

Ubuntu 16.04 LTS ubuntu-xenial ttyS0

ubuntu-xenial login: 